%!Adobe-FontList 1.20
%Locale:0x409

%BeginFont
Handler:DirectoryHandler
FontType:Invalid
OutlineFileName:/Users/barbarabigosinska/Documents/GitHub/bbigosinska/NunitoSans/sources/Nunito_OPSZ/PDFs/Nunito—OPT_proof_07 Folder/Document fonts/AdobeFnt21.lst
FileLength:9417
FileModTime:586371099
%EndFont

%BeginFont
Handler:DirectoryHandler
FontType:Type1
FontName:IBMPlexMono
FamilyName:IBM Plex Mono
StyleName:Regular
MenuName:IBM Plex Mono
StyleBits:0
WeightClass:400
WidthClass:5
AngleClass:0
FullName:IBM Plex Mono
WritingScript:Roman
OutlineFileName:/Users/barbarabigosinska/Documents/GitHub/bbigosinska/NunitoSans/sources/Nunito_OPSZ/PDFs/Nunito—OPT_proof_07 Folder/Document fonts/IBMPlexMono-Regular-V02.otf
DataFormat:sfntData
UsesStandardEncoding:yes
isCFF:yes
hasSVG:no
VariableFontType:NonVariableFont
FileLength:62364
FileModTime:535651115
NameArray:0,Mac,4,IBM Plex Mono
NameArray:0,Win,1,IBM Plex Mono
%EndFont

%BeginFont
Handler:DirectoryHandler
FontType:Type1
FontName:NunitoSansHeavy-07-M1000yak
FamilyName:Nunito Sans Heavy-07
StyleName:M 1000 yak
MenuName:Nunito Sans Heavy-07 M 1000 yak
StyleBits:0
WeightClass:400
WidthClass:5
AngleClass:0
FullName:Nunito Sans Heavy-07 M 1000 yak
WritingScript:Roman
OutlineFileName:/Users/barbarabigosinska/Documents/GitHub/bbigosinska/NunitoSans/sources/Nunito_OPSZ/PDFs/Nunito—OPT_proof_07 Folder/Document fonts/NunitoSansHeavy-07-M1000yak.otf
DataFormat:sfntData
UsesStandardEncoding:yes
isCFF:yes
hasSVG:no
VariableFontType:NonVariableFont
FileLength:118292
FileModTime:585928598
NameArray:0,Mac,4,Nunito Sans Heavy-07 M 1000 yak
NameArray:0,Win,1,Nunito Sans Heavy-07 M 1000 yak
NameArray:0,Win,16,Nunito Sans Heavy-07
%EndFont

%BeginFont
Handler:DirectoryHandler
FontType:Type1
FontName:NunitoSansMICRO-ExtrLightweight01
FamilyName:Nunito Sans MICRO
StyleName:ExtrLight weight 01
MenuName:Nunito Sans MICRO ExtrLight weight 01
StyleBits:0
WeightClass:400
WidthClass:5
AngleClass:0
FullName:Nunito Sans MICRO ExtrLight weight 01
WritingScript:Roman
OutlineFileName:/Users/barbarabigosinska/Documents/GitHub/bbigosinska/NunitoSans/sources/Nunito_OPSZ/PDFs/Nunito—OPT_proof_07 Folder/Document fonts/NunitoSansMICRO-ExtrLightweight01.otf
DataFormat:sfntData
UsesStandardEncoding:yes
isCFF:yes
hasSVG:no
VariableFontType:NonVariableFont
FileLength:114372
FileModTime:586172828
NameArray:0,Mac,18,Nunito MICRO ExtrLight weight 01
NameArray:0,Mac,4,Nunito Sans MICRO ExtrLight weight 01
NameArray:0,Win,1,Nunito Sans MICRO ExtrLight weight 01
NameArray:0,Win,16,Nunito Sans MICRO
%EndFont

%BeginFont
Handler:DirectoryHandler
FontType:Type1
FontName:NunitoSansMICRO-ExtrLightweight02
FamilyName:Nunito Sans MICRO
StyleName:ExtrLight weight 02
MenuName:Nunito Sans MICRO ExtrLight weight 02
StyleBits:0
WeightClass:400
WidthClass:5
AngleClass:0
FullName:Nunito Sans MICRO ExtrLight weight 02
WritingScript:Roman
OutlineFileName:/Users/barbarabigosinska/Documents/GitHub/bbigosinska/NunitoSans/sources/Nunito_OPSZ/PDFs/Nunito—OPT_proof_07 Folder/Document fonts/NunitoSansMICRO-ExtrLightweight02.otf
DataFormat:sfntData
UsesStandardEncoding:yes
isCFF:yes
hasSVG:no
VariableFontType:NonVariableFont
FileLength:114484
FileModTime:586172828
NameArray:0,Mac,18,Nunito MICRO ExtrLight weight 02
NameArray:0,Mac,4,Nunito Sans MICRO ExtrLight weight 02
NameArray:0,Win,1,Nunito Sans MICRO ExtrLight weight 02
NameArray:0,Win,16,Nunito Sans MICRO
%EndFont

%BeginFont
Handler:DirectoryHandler
FontType:Type1
FontName:NunitoSansMICRO-ExtrLightweight03
FamilyName:Nunito Sans MICRO
StyleName:ExtrLight weight 03
MenuName:Nunito Sans MICRO ExtrLight weight 03
StyleBits:0
WeightClass:400
WidthClass:5
AngleClass:0
FullName:Nunito Sans MICRO ExtrLight weight 03
WritingScript:Roman
OutlineFileName:/Users/barbarabigosinska/Documents/GitHub/bbigosinska/NunitoSans/sources/Nunito_OPSZ/PDFs/Nunito—OPT_proof_07 Folder/Document fonts/NunitoSansMICRO-ExtrLightweight03.otf
DataFormat:sfntData
UsesStandardEncoding:yes
isCFF:yes
hasSVG:no
VariableFontType:NonVariableFont
FileLength:114456
FileModTime:586172829
NameArray:0,Mac,18,Nunito MICRO ExtrLight weight 03
NameArray:0,Mac,4,Nunito Sans MICRO ExtrLight weight 03
NameArray:0,Win,1,Nunito Sans MICRO ExtrLight weight 03
NameArray:0,Win,16,Nunito Sans MICRO
%EndFont

%BeginFont
Handler:DirectoryHandler
FontType:Type1
FontName:NunitoSansMICRO-ExtrLightweight04
FamilyName:Nunito Sans MICRO
StyleName:ExtrLight weight 04
MenuName:Nunito Sans MICRO ExtrLight weight 04
StyleBits:0
WeightClass:400
WidthClass:5
AngleClass:0
FullName:Nunito Sans MICRO ExtrLight weight 04
WritingScript:Roman
OutlineFileName:/Users/barbarabigosinska/Documents/GitHub/bbigosinska/NunitoSans/sources/Nunito_OPSZ/PDFs/Nunito—OPT_proof_07 Folder/Document fonts/NunitoSansMICRO-ExtrLightweight04.otf
DataFormat:sfntData
UsesStandardEncoding:yes
isCFF:yes
hasSVG:no
VariableFontType:NonVariableFont
FileLength:114456
FileModTime:586172828
NameArray:0,Mac,18,Nunito MICRO ExtrLight weight 04
NameArray:0,Mac,4,Nunito Sans MICRO ExtrLight weight 04
NameArray:0,Win,1,Nunito Sans MICRO ExtrLight weight 04
NameArray:0,Win,16,Nunito Sans MICRO
%EndFont

%BeginFont
Handler:DirectoryHandler
FontType:Type1
FontName:NunitoSansMICRO-ExtrLightweight05
FamilyName:Nunito Sans MICRO
StyleName:ExtrLight weight 05
MenuName:Nunito Sans MICRO ExtrLight weight 05
StyleBits:0
WeightClass:400
WidthClass:5
AngleClass:0
FullName:Nunito Sans MICRO ExtrLight weight 05
WritingScript:Roman
OutlineFileName:/Users/barbarabigosinska/Documents/GitHub/bbigosinska/NunitoSans/sources/Nunito_OPSZ/PDFs/Nunito—OPT_proof_07 Folder/Document fonts/NunitoSansMICRO-ExtrLightweight05.otf
DataFormat:sfntData
UsesStandardEncoding:yes
isCFF:yes
hasSVG:no
VariableFontType:NonVariableFont
FileLength:114292
FileModTime:586172829
NameArray:0,Mac,18,Nunito MICRO ExtrLight weight 05
NameArray:0,Mac,4,Nunito Sans MICRO ExtrLight weight 05
NameArray:0,Win,1,Nunito Sans MICRO ExtrLight weight 05
NameArray:0,Win,16,Nunito Sans MICRO
%EndFont

%BeginFont
Handler:DirectoryHandler
FontType:Type1
FontName:NunitoSansMICRO-MMICRO0
FamilyName:Nunito Sans MICRO
StyleName:M MICRO 0
MenuName:Nunito Sans MICRO M MICRO 0
StyleBits:0
WeightClass:400
WidthClass:5
AngleClass:0
FullName:Nunito Sans MICRO M MICRO 0
WritingScript:Roman
OutlineFileName:/Users/barbarabigosinska/Documents/GitHub/bbigosinska/NunitoSans/sources/Nunito_OPSZ/PDFs/Nunito—OPT_proof_07 Folder/Document fonts/NunitoSansMICRO-MMICRO0.otf
DataFormat:sfntData
UsesStandardEncoding:yes
isCFF:yes
hasSVG:no
VariableFontType:NonVariableFont
FileLength:114228
FileModTime:586172828
NameArray:0,Mac,4,Nunito Sans MICRO M MICRO 0
NameArray:0,Win,1,Nunito Sans MICRO M MICRO 0
NameArray:0,Win,16,Nunito Sans MICRO
%EndFont

%BeginFont
Handler:DirectoryHandler
FontType:Type1
FontName:NunitoSansMICRO-MMICRO0FAT
FamilyName:Nunito Sans MICRO
StyleName:M MICRO 0 FAT
MenuName:Nunito Sans MICRO M MICRO 0 FAT
StyleBits:0
WeightClass:400
WidthClass:5
AngleClass:0
FullName:Nunito Sans MICRO M MICRO 0 FAT
WritingScript:Roman
OutlineFileName:/Users/barbarabigosinska/Documents/GitHub/bbigosinska/NunitoSans/sources/Nunito_OPSZ/PDFs/Nunito—OPT_proof_07 Folder/Document fonts/NunitoSansMICRO-MMICRO0FAT.otf
DataFormat:sfntData
UsesStandardEncoding:yes
isCFF:yes
hasSVG:no
VariableFontType:NonVariableFont
FileLength:113896
FileModTime:586172829
NameArray:0,Mac,4,Nunito Sans MICRO M MICRO 0 FAT
NameArray:0,Win,1,Nunito Sans MICRO M MICRO 0 FAT
NameArray:0,Win,16,Nunito Sans MICRO
%EndFont

%BeginFont
Handler:DirectoryHandler
FontType:Type1
FontName:NunitoSansMicro03-MMICRO0
FamilyName:Nunito Sans Micro 03
StyleName:M MICRO 0
MenuName:Nunito Sans Micro 03 M MICRO 0
StyleBits:0
WeightClass:400
WidthClass:5
AngleClass:0
FullName:Nunito Sans Micro 03 M MICRO 0
WritingScript:Roman
OutlineFileName:/Users/barbarabigosinska/Documents/GitHub/bbigosinska/NunitoSans/sources/Nunito_OPSZ/PDFs/Nunito—OPT_proof_07 Folder/Document fonts/NunitoSansMicro03-MMICRO0.otf
DataFormat:sfntData
UsesStandardEncoding:yes
isCFF:yes
hasSVG:no
VariableFontType:NonVariableFont
FileLength:113752
FileModTime:585864175
NameArray:0,Mac,4,Nunito Sans Micro 03 M MICRO 0
NameArray:0,Win,1,Nunito Sans Micro 03 M MICRO 0
NameArray:0,Win,16,Nunito Sans Micro 03
%EndFont

%BeginFont
Handler:DirectoryHandler
FontType:Type1
FontName:NunitoSansTest-ExtraLight
FamilyName:Nunito Sans Test
StyleName:ExtraLight
MenuName:Nunito Sans Test ExtraLight
StyleBits:0
WeightClass:275
WidthClass:5
AngleClass:0
FullName:Nunito Sans Test ExtraLight
WritingScript:Roman
OutlineFileName:/Users/barbarabigosinska/Documents/GitHub/bbigosinska/NunitoSans/sources/Nunito_OPSZ/PDFs/Nunito—OPT_proof_07 Folder/Document fonts/NunitoSansTest-ExtraLight.otf
DataFormat:sfntData
UsesStandardEncoding:yes
isCFF:yes
hasSVG:no
VariableFontType:NonVariableFont
FileLength:116332
FileModTime:586365011
NameArray:0,Mac,4,Nunito Sans Test ExtraLight
NameArray:0,Win,1,Nunito Sans Test ExtraLight
NameArray:0,Win,16,Nunito Sans Test
%EndFont

%BeginFont
Handler:DirectoryHandler
FontType:Type1
FontName:NunitoSansTest-Light
FamilyName:Nunito Sans Test
StyleName:Light
MenuName:Nunito Sans Test Light
StyleBits:0
WeightClass:300
WidthClass:5
AngleClass:0
FullName:Nunito Sans Test Light
WritingScript:Roman
OutlineFileName:/Users/barbarabigosinska/Documents/GitHub/bbigosinska/NunitoSans/sources/Nunito_OPSZ/PDFs/Nunito—OPT_proof_07 Folder/Document fonts/NunitoSansTest-Light.otf
DataFormat:sfntData
UsesStandardEncoding:yes
isCFF:yes
hasSVG:no
VariableFontType:NonVariableFont
FileLength:118856
FileModTime:586365011
NameArray:0,Mac,4,Nunito Sans Test Light
NameArray:0,Win,1,Nunito Sans Test Light
NameArray:0,Win,16,Nunito Sans Test
%EndFont

